[13-11-09::16:21:44] mammutd - mammut 0.0.571b01006355 on Qt-5.1.1

[13-11-09::16:21:44] 
[13-11-09::16:21:44] GPU: Intel Iris OpenGL Engine (Intel Inc., 4.1 INTEL-8.20.22)
[13-11-09::16:21:44] GL Version: 4.1 Core
[13-11-09::16:21:44] 
[13-11-09::16:21:44] WARNING: ToDo: Setting swap interval is currently not implemented for __APPLE__
[13-11-09::16:21:44] WARNING: Setting swap interval to VerticalSyncronization failed.
[13-11-09::16:21:44] WARNING: "data/default.frag"  does not exist: shader is without source and associated file. 
[13-11-09::16:21:44] WARNING: "data/default.vert"  does not exist: shader is without source and associated file. 
[13-11-09::16:21:53] mammutd - mammut 0.0.571b01006355 on Qt-5.1.1

[13-11-09::16:21:53] 
[13-11-09::16:21:53] GPU: Intel Iris OpenGL Engine (Intel Inc., 4.1 INTEL-8.20.22)
[13-11-09::16:21:53] GL Version: 4.1 Core
[13-11-09::16:21:53] 
[13-11-09::16:21:53] WARNING: ToDo: Setting swap interval is currently not implemented for __APPLE__
[13-11-09::16:21:53] WARNING: Setting swap interval to VerticalSyncronization failed.
[13-11-09::16:21:53] WARNING: "data/default.frag"  does not exist: shader is without source and associated file. 
[13-11-09::16:21:53] WARNING: "data/default.vert"  does not exist: shader is without source and associated file. 
[13-11-09::16:22:02] mammutd - mammut 0.0.571b01006355 on Qt-5.1.1

[13-11-09::16:22:02] 
[13-11-09::16:22:02] GPU: Intel Iris OpenGL Engine (Intel Inc., 4.1 INTEL-8.20.22)
[13-11-09::16:22:02] GL Version: 4.1 Core
[13-11-09::16:22:02] 
[13-11-09::16:22:02] WARNING: ToDo: Setting swap interval is currently not implemented for __APPLE__
[13-11-09::16:22:02] WARNING: Setting swap interval to VerticalSyncronization failed.
[13-11-09::16:22:02] WARNING: "data/default.frag"  does not exist: shader is without source and associated file. 
[13-11-09::16:22:02] WARNING: "data/default.vert"  does not exist: shader is without source and associated file. 
[13-11-09::16:22:09] mammutd - mammut 0.0.571b01006355 on Qt-5.1.1

[13-11-09::16:22:09] 
[13-11-09::16:22:09] GPU: Intel Iris OpenGL Engine (Intel Inc., 4.1 INTEL-8.20.22)
[13-11-09::16:22:09] GL Version: 4.1 Core
[13-11-09::16:22:09] 
[13-11-09::16:22:09] WARNING: ToDo: Setting swap interval is currently not implemented for __APPLE__
[13-11-09::16:22:09] WARNING: Setting swap interval to VerticalSyncronization failed.
[13-11-09::16:22:09] WARNING: "data/default.frag"  does not exist: shader is without source and associated file. 
[13-11-09::16:22:09] WARNING: "data/default.vert"  does not exist: shader is without source and associated file. 
[13-11-09::16:23:27] mammutd - mammut 0.0.571b01006355 on Qt-5.1.1

[13-11-09::16:23:27] 
[13-11-09::16:23:27] GPU: Intel Iris OpenGL Engine (Intel Inc., 4.1 INTEL-8.20.22)
[13-11-09::16:23:27] GL Version: 4.1 Core
[13-11-09::16:23:27] 
[13-11-09::16:23:27] WARNING: ToDo: Setting swap interval is currently not implemented for __APPLE__
[13-11-09::16:23:27] WARNING: Setting swap interval to VerticalSyncronization failed.
[13-11-09::16:23:27] WARNING: "data/default.frag"  does not exist: shader is without source and associated file. 
[13-11-09::16:23:27] WARNING: "data/default.vert"  does not exist: shader is without source and associated file. 
[13-11-09::16:24:52] mammutd - mammut 0.0.571b01006355 on Qt-5.1.1

[13-11-09::16:24:52] 
[13-11-09::16:24:52] GPU: Intel Iris OpenGL Engine (Intel Inc., 4.1 INTEL-8.20.22)
[13-11-09::16:24:52] GL Version: 4.1 Core
[13-11-09::16:24:52] 
[13-11-09::16:24:52] WARNING: ToDo: Setting swap interval is currently not implemented for __APPLE__
[13-11-09::16:24:52] WARNING: Setting swap interval to VerticalSyncronization failed.
[13-11-09::16:24:52] WARNING: "data/default.frag"  does not exist: shader is without source and associated file. 
[13-11-09::16:24:52] WARNING: "data/default.vert"  does not exist: shader is without source and associated file. 
[13-11-09::16:25:00] mammutd - mammut 0.0.571b01006355 on Qt-5.1.1

[13-11-09::16:25:00] 
[13-11-09::16:25:00] GPU: Intel Iris OpenGL Engine (Intel Inc., 4.1 INTEL-8.20.22)
[13-11-09::16:25:00] GL Version: 4.1 Core
[13-11-09::16:25:00] 
[13-11-09::16:25:00] WARNING: ToDo: Setting swap interval is currently not implemented for __APPLE__
[13-11-09::16:25:00] WARNING: Setting swap interval to VerticalSyncronization failed.
[13-11-09::16:25:00] WARNING: "data/default.frag"  does not exist: shader is without source and associated file. 
[13-11-09::16:25:00] WARNING: "data/default.vert"  does not exist: shader is without source and associated file. 
[13-11-09::16:25:01] mammutd - mammut 0.0.571b01006355 exited

[13-11-09::16:25:07] mammutd - mammut 0.0.571b01006355 on Qt-5.1.1

[13-11-09::16:25:07] 
[13-11-09::16:25:07] GPU: Intel Iris OpenGL Engine (Intel Inc., 4.1 INTEL-8.20.22)
[13-11-09::16:25:07] GL Version: 4.1 Core
[13-11-09::16:25:07] 
[13-11-09::16:25:07] WARNING: ToDo: Setting swap interval is currently not implemented for __APPLE__
[13-11-09::16:25:07] WARNING: Setting swap interval to VerticalSyncronization failed.
[13-11-09::16:25:07] WARNING: "data/default.frag"  does not exist: shader is without source and associated file. 
[13-11-09::16:25:07] WARNING: "data/default.vert"  does not exist: shader is without source and associated file. 
[13-11-09::16:25:17] mammutd - mammut 0.0.571b01006355 on Qt-5.1.1

[13-11-09::16:25:17] 
[13-11-09::16:25:17] GPU: Intel Iris OpenGL Engine (Intel Inc., 4.1 INTEL-8.20.22)
[13-11-09::16:25:17] GL Version: 4.1 Core
[13-11-09::16:25:17] 
[13-11-09::16:25:17] WARNING: ToDo: Setting swap interval is currently not implemented for __APPLE__
[13-11-09::16:25:17] WARNING: Setting swap interval to VerticalSyncronization failed.
[13-11-09::16:25:17] WARNING: "data/default.frag"  does not exist: shader is without source and associated file. 
[13-11-09::16:25:17] WARNING: "data/default.vert"  does not exist: shader is without source and associated file. 
[13-11-09::16:25:25] mammutd - mammut 0.0.571b01006355 on Qt-5.1.1

[13-11-09::16:25:25] 
[13-11-09::16:25:25] GPU: Intel Iris OpenGL Engine (Intel Inc., 4.1 INTEL-8.20.22)
[13-11-09::16:25:25] GL Version: 4.1 Core
[13-11-09::16:25:25] 
[13-11-09::16:25:25] WARNING: ToDo: Setting swap interval is currently not implemented for __APPLE__
[13-11-09::16:25:25] WARNING: Setting swap interval to VerticalSyncronization failed.
[13-11-09::16:25:25] WARNING: "data/default.frag"  does not exist: shader is without source and associated file. 
[13-11-09::16:25:25] WARNING: "data/default.vert"  does not exist: shader is without source and associated file. 
[13-11-09::16:25:27] mammutd - mammut 0.0.571b01006355 exited

[13-11-09::16:26:24] mammutd - mammut 0.0.571b01006355 on Qt-5.1.1

[13-11-09::16:26:24] 
[13-11-09::16:26:24] GPU: Intel Iris OpenGL Engine (Intel Inc., 4.1 INTEL-8.20.22)
[13-11-09::16:26:24] GL Version: 4.1 Core
[13-11-09::16:26:24] 
[13-11-09::16:26:24] WARNING: ToDo: Setting swap interval is currently not implemented for __APPLE__
[13-11-09::16:26:24] WARNING: Setting swap interval to VerticalSyncronization failed.
[13-11-09::16:26:24] WARNING: "data/default.frag"  does not exist: shader is without source and associated file. 
[13-11-09::16:26:24] WARNING: "data/default.vert"  does not exist: shader is without source and associated file. 
[13-11-09::16:26:26] mammutd - mammut 0.0.571b01006355 exited

[13-11-09::16:26:27] mammutd - mammut 0.0.571b01006355 on Qt-5.1.1

[13-11-09::16:26:27] 
[13-11-09::16:26:27] GPU: Intel Iris OpenGL Engine (Intel Inc., 4.1 INTEL-8.20.22)
[13-11-09::16:26:27] GL Version: 4.1 Core
[13-11-09::16:26:27] 
[13-11-09::16:26:27] WARNING: ToDo: Setting swap interval is currently not implemented for __APPLE__
[13-11-09::16:26:27] WARNING: Setting swap interval to VerticalSyncronization failed.
[13-11-09::16:26:27] WARNING: "data/default.frag"  does not exist: shader is without source and associated file. 
[13-11-09::16:26:27] WARNING: "data/default.vert"  does not exist: shader is without source and associated file. 
[13-11-09::16:26:29] mammutd - mammut 0.0.571b01006355 exited

[13-11-09::16:29:48] mammutd - mammut 0.0.571b01006355 on Qt-5.1.1

[13-11-09::16:29:49] 
[13-11-09::16:29:49] GPU: Intel Iris OpenGL Engine (Intel Inc., 4.1 INTEL-8.20.22)
[13-11-09::16:29:49] GL Version: 4.1 Core
[13-11-09::16:29:49] 
[13-11-09::16:29:49] WARNING: ToDo: Setting swap interval is currently not implemented for __APPLE__
[13-11-09::16:29:49] WARNING: Setting swap interval to VerticalSyncronization failed.
[13-11-09::16:29:49] WARNING: "data/default.frag"  does not exist: shader is without source and associated file. 
[13-11-09::16:29:49] WARNING: "data/default.vert"  does not exist: shader is without source and associated file. 
[13-11-09::16:30:16] mammutd - mammut 0.0.571b01006355 on Qt-5.1.1

[13-11-09::16:30:17] 
[13-11-09::16:30:17] GPU: Intel Iris OpenGL Engine (Intel Inc., 4.1 INTEL-8.20.22)
[13-11-09::16:30:17] GL Version: 4.1 Core
[13-11-09::16:30:17] 
[13-11-09::16:30:17] WARNING: ToDo: Setting swap interval is currently not implemented for __APPLE__
[13-11-09::16:30:17] WARNING: Setting swap interval to VerticalSyncronization failed.
[13-11-09::16:30:17] WARNING: "data/default.frag"  does not exist: shader is without source and associated file. 
[13-11-09::16:30:17] WARNING: "data/default.vert"  does not exist: shader is without source and associated file. 
[13-11-09::16:30:25] mammutd - mammut 0.0.571b01006355 on Qt-5.1.1

[13-11-09::16:30:25] 
[13-11-09::16:30:25] GPU: Intel Iris OpenGL Engine (Intel Inc., 4.1 INTEL-8.20.22)
[13-11-09::16:30:25] GL Version: 4.1 Core
[13-11-09::16:30:25] 
[13-11-09::16:30:25] WARNING: ToDo: Setting swap interval is currently not implemented for __APPLE__
[13-11-09::16:30:25] WARNING: Setting swap interval to VerticalSyncronization failed.
[13-11-09::16:30:25] WARNING: "data/default.frag"  does not exist: shader is without source and associated file. 
[13-11-09::16:30:25] WARNING: "data/default.vert"  does not exist: shader is without source and associated file. 
[13-11-09::16:30:38] mammutd - mammut 0.0.571b01006355 on Qt-5.1.1

[13-11-09::16:30:38] 
[13-11-09::16:30:38] GPU: Intel Iris OpenGL Engine (Intel Inc., 4.1 INTEL-8.20.22)
[13-11-09::16:30:38] GL Version: 4.1 Core
[13-11-09::16:30:38] 
[13-11-09::16:30:38] WARNING: ToDo: Setting swap interval is currently not implemented for __APPLE__
[13-11-09::16:30:38] WARNING: Setting swap interval to VerticalSyncronization failed.
[13-11-09::16:30:38] WARNING: "data/default.frag"  does not exist: shader is without source and associated file. 
[13-11-09::16:30:38] WARNING: "data/default.vert"  does not exist: shader is without source and associated file. 
[13-11-09::16:30:43] mammutd - mammut 0.0.571b01006355 on Qt-5.1.1

[13-11-09::16:30:43] 
[13-11-09::16:30:43] GPU: Intel Iris OpenGL Engine (Intel Inc., 4.1 INTEL-8.20.22)
[13-11-09::16:30:43] GL Version: 4.1 Core
[13-11-09::16:30:43] 
[13-11-09::16:30:43] WARNING: ToDo: Setting swap interval is currently not implemented for __APPLE__
[13-11-09::16:30:43] WARNING: Setting swap interval to VerticalSyncronization failed.
[13-11-09::16:30:43] WARNING: "data/default.frag"  does not exist: shader is without source and associated file. 
[13-11-09::16:30:43] WARNING: "data/default.vert"  does not exist: shader is without source and associated file. 
[13-11-09::16:30:49] mammutd - mammut 0.0.571b01006355 on Qt-5.1.1

[13-11-09::16:30:49] 
[13-11-09::16:30:49] GPU: Intel Iris OpenGL Engine (Intel Inc., 4.1 INTEL-8.20.22)
[13-11-09::16:30:49] GL Version: 4.1 Core
[13-11-09::16:30:49] 
[13-11-09::16:30:49] WARNING: ToDo: Setting swap interval is currently not implemented for __APPLE__
[13-11-09::16:30:49] WARNING: Setting swap interval to VerticalSyncronization failed.
[13-11-09::16:30:49] WARNING: "data/default.frag"  does not exist: shader is without source and associated file. 
[13-11-09::16:30:49] WARNING: "data/default.vert"  does not exist: shader is without source and associated file. 
[13-11-09::16:30:51] mammutd - mammut 0.0.571b01006355 exited

[13-11-09::16:31:32] mammutd - mammut 0.0.571b01006355 on Qt-5.1.1

[13-11-09::16:31:32] 
[13-11-09::16:31:32] GPU: Intel Iris OpenGL Engine (Intel Inc., 4.1 INTEL-8.20.22)
[13-11-09::16:31:32] GL Version: 4.1 Core
[13-11-09::16:31:32] 
[13-11-09::16:31:32] WARNING: ToDo: Setting swap interval is currently not implemented for __APPLE__
[13-11-09::16:31:32] WARNING: Setting swap interval to VerticalSyncronization failed.
[13-11-09::16:31:32] WARNING: "data/default.frag"  does not exist: shader is without source and associated file. 
[13-11-09::16:31:32] WARNING: "data/default.vert"  does not exist: shader is without source and associated file. 
