Der Buildvorgang wurde am 11/1/2013 11:47:09 AM gestartet.
     1>Projekt "C:\Projects\mammut\build\mammut.vcxproj" auf Knoten "2", Build Ziel(e).
     1>PreBuildEvent:
         setlocal
         cd C:\Projects\mammut\build
         if %errorlevel% neq 0 goto :cmEnd
         C:
         if %errorlevel% neq 0 goto :cmEnd
         "C:\Program Files (x86)\CMake 2.8\bin\cmake.exe" -E cmake_automoc C:/Projects/mammut/build/CMakeFiles/mammut_automoc.dir/ Release
         if %errorlevel% neq 0 goto :cmEnd
         :cmEnd
         endlocal & call :cmErrorLevel %errorlevel% & goto :cmDone
         :cmErrorLevel
         exit /b %1
         :cmDone
         if %errorlevel% neq 0 goto :VCEnd
         :VCEnd
       ClCompile:
         C:\Program Files (x86)\Microsoft Visual Studio 12.0\VC\bin\x86_amd64\CL.exe /c /IC:/Projects/mammut/build /IC:/Libraries/glm /I"C:/Libraries/glew-1.10.0/include" /IC:/Libraries/glow/install/include /IC:/Libraries/glwhite/install/include /IC:/Qt/5.1.1_12/qtbase/include /IC:/Qt/5.1.1_12/qtbase/include/QtOpenGL /IC:/Qt/5.1.1_12/qtbase/include/QtWidgets /IC:/Qt/5.1.1_12/qtbase/include/QtGui /IC:/Qt/5.1.1_12/qtbase/include/QtCore /I"C:/Qt/5.1.1_12/qtbase/mkspecs/win32-msvc2013" /Zi /nologo /W3 /WX- /MP /O2 /Ob2 /GL /D WIN32 /D _WINDOWS /D NDEBUG /D QT_OPENGL_LIB /D QT_WIDGETS_LIB /D QT_GUI_LIB /D QT_CORE_LIB /D QT_NO_DEBUG /D WIN32 /D UNICODE /D _UNICODE /D _SCL_SECURE_NO_WARNINGS /D _CRT_SECURE_NO_DEPRECATE /D NDEBUG /D "CMAKE_INTDIR=\"Release\"" /D _UNICODE /D UNICODE /GF /Gm- /EHsc /MD /GS- /fp:precise /Zc:wchar_t /Zc:forScope /GR /Fo"mammut.dir\Release\\" /Fd"mammut.dir\Release\vc120.pdb" /Gd /TP /wd4267 /errorReport:prompt ..\source\Main.cpp ..\source\Application.cpp ..\source\Painter.cpp mammut_automoc.cpp
         Main.cpp
         Application.cpp
         Painter.cpp
         mammut_automoc.cpp
     1>C:\Libraries\glow\install\include\glow/formatString.hpp(27): warning C4273: 'glow::streamprintf': Inkonsistente DLL-Bindung. (..\source\Painter.cpp)
                 C:\Libraries\glow\install\include\glow/formatString.h(15): Siehe vorherige Definition von 'streamprintf'
     1>C:\Libraries\glow\install\include\glow/formatString.hpp(35): warning C4273: 'glow::formatString': Inkonsistente DLL-Bindung. (..\source\Painter.cpp)
                 C:\Libraries\glow\install\include\glow/formatString.h(18): Siehe vorherige Definition von 'formatString'
     1>C:\Libraries\glow\install\include\glow/logging.hpp(11): warning C4273: 'glow::info': Inkonsistente DLL-Bindung. (..\source\Painter.cpp)
                 C:\Libraries\glow\install\include\glow/logging.h(75): Siehe vorherige Definition von 'info'
     1>C:\Libraries\glow\install\include\glow/logging.hpp(16): warning C4273: 'glow::debug': Inkonsistente DLL-Bindung. (..\source\Painter.cpp)
                 C:\Libraries\glow\install\include\glow/logging.h(76): Siehe vorherige Definition von 'debug'
     1>C:\Libraries\glow\install\include\glow/logging.hpp(21): warning C4273: 'glow::warning': Inkonsistente DLL-Bindung. (..\source\Painter.cpp)
                 C:\Libraries\glow\install\include\glow/logging.h(77): Siehe vorherige Definition von 'warning'
     1>C:\Libraries\glow\install\include\glow/logging.hpp(26): warning C4273: 'glow::critical': Inkonsistente DLL-Bindung. (..\source\Painter.cpp)
                 C:\Libraries\glow\install\include\glow/logging.h(78): Siehe vorherige Definition von 'critical'
     1>C:\Libraries\glow\install\include\glow/logging.hpp(31): warning C4273: 'glow::fatal': Inkonsistente DLL-Bindung. (..\source\Painter.cpp)
                 C:\Libraries\glow\install\include\glow/logging.h(79): Siehe vorherige Definition von 'fatal'
     1>C:\Libraries\glow\install\include\glow/formatString.hpp(27): warning C4273: 'glow::streamprintf': Inkonsistente DLL-Bindung. (..\source\Application.cpp)
                 C:\Libraries\glow\install\include\glow/formatString.h(15): Siehe vorherige Definition von 'streamprintf'
     1>C:\Libraries\glow\install\include\glow/formatString.hpp(35): warning C4273: 'glow::formatString': Inkonsistente DLL-Bindung. (..\source\Application.cpp)
                 C:\Libraries\glow\install\include\glow/formatString.h(18): Siehe vorherige Definition von 'formatString'
     1>C:\Libraries\glow\install\include\glow/logging.hpp(11): warning C4273: 'glow::info': Inkonsistente DLL-Bindung. (..\source\Application.cpp)
                 C:\Libraries\glow\install\include\glow/logging.h(75): Siehe vorherige Definition von 'info'
     1>C:\Libraries\glow\install\include\glow/logging.hpp(16): warning C4273: 'glow::debug': Inkonsistente DLL-Bindung. (..\source\Application.cpp)
                 C:\Libraries\glow\install\include\glow/logging.h(76): Siehe vorherige Definition von 'debug'
     1>C:\Libraries\glow\install\include\glow/logging.hpp(21): warning C4273: 'glow::warning': Inkonsistente DLL-Bindung. (..\source\Application.cpp)
                 C:\Libraries\glow\install\include\glow/logging.h(77): Siehe vorherige Definition von 'warning'
     1>C:\Libraries\glow\install\include\glow/logging.hpp(26): warning C4273: 'glow::critical': Inkonsistente DLL-Bindung. (..\source\Application.cpp)
                 C:\Libraries\glow\install\include\glow/logging.h(78): Siehe vorherige Definition von 'critical'
     1>C:\Libraries\glow\install\include\glow/logging.hpp(31): warning C4273: 'glow::fatal': Inkonsistente DLL-Bindung. (..\source\Application.cpp)
                 C:\Libraries\glow\install\include\glow/logging.h(79): Siehe vorherige Definition von 'fatal'
     1>..\source\Painter.cpp(41): error C2039: 'setupDebugOutput': Ist kein Element von 'glow::Error'
                 C:\Libraries\glow\install\include\glow/Error.h(21): Siehe Deklaration von 'glow::Error'
     1>..\source\Painter.cpp(41): error C3861: "setupDebugOutput": Bezeichner wurde nicht gefunden.
     1>..\source\Painter.cpp(42): error C2039: 'setChecking': Ist kein Element von 'glow::Error'
                 C:\Libraries\glow\install\include\glow/Error.h(21): Siehe Deklaration von 'glow::Error'
     1>..\source\Painter.cpp(42): error C3861: "setChecking": Bezeichner wurde nicht gefunden.
     1>C:\Libraries\glow\install\include\glow/Uniform.hpp(33): warning C4273: 'glow::Uniform<float>::~Uniform': Inkonsistente DLL-Bindung. (..\source\Application.cpp)
                 C:\Libraries\glow\install\include\glow/Uniform.h(36): Siehe vorherige Definition von '{dtor}'
                 C:\Libraries\glow\install\include\glow/Uniform.hpp(33): Bei der Kompilierung der  Klassen-template der glow::Uniform<float>::~Uniform(void)-Memberfunktion
                 C:\Libraries\glow\install\include\glow/Uniform.hpp(61): Siehe Verweis auf die Instanziierung der gerade kompilierten Klassen-template "glow::Uniform<float>".
     1>C:\Libraries\glow\install\include\glow/Uniform.hpp(44): warning C4273: 'glow::Uniform<float>::setLocation': Inkonsistente DLL-Bindung. (..\source\Application.cpp)
                 C:\Libraries\glow\install\include\glow/Uniform.h(43): Siehe vorherige Definition von 'setLocation'
                 C:\Libraries\glow\install\include\glow/Uniform.hpp(44): Bei der Kompilierung der  Klassen-template der void glow::Uniform<float>::setLocation(const GLint)-Memberfunktion
     1>C:\Libraries\glow\install\include\glow/Uniform.hpp(33): warning C4273: 'glow::Uniform<int>::~Uniform': Inkonsistente DLL-Bindung. (..\source\Application.cpp)
                 C:\Libraries\glow\install\include\glow/Uniform.h(36): Siehe vorherige Definition von '{dtor}'
                 C:\Libraries\glow\install\include\glow/Uniform.hpp(33): Bei der Kompilierung der  Klassen-template der glow::Uniform<int>::~Uniform(void)-Memberfunktion
                 C:\Libraries\glow\install\include\glow/Uniform.hpp(62): Siehe Verweis auf die Instanziierung der gerade kompilierten Klassen-template "glow::Uniform<int>".
     1>C:\Libraries\glow\install\include\glow/Uniform.hpp(44): warning C4273: 'glow::Uniform<int>::setLocation': Inkonsistente DLL-Bindung. (..\source\Application.cpp)
                 C:\Libraries\glow\install\include\glow/Uniform.h(43): Siehe vorherige Definition von 'setLocation'
                 C:\Libraries\glow\install\include\glow/Uniform.hpp(44): Bei der Kompilierung der  Klassen-template der void glow::Uniform<int>::setLocation(const GLint)-Memberfunktion
     1>C:\Libraries\glow\install\include\glow/Uniform.hpp(33): warning C4273: 'glow::Uniform<unsigned int>::~Uniform': Inkonsistente DLL-Bindung. (..\source\Application.cpp)
                 C:\Libraries\glow\install\include\glow/Uniform.h(36): Siehe vorherige Definition von '{dtor}'
                 C:\Libraries\glow\install\include\glow/Uniform.hpp(33): Bei der Kompilierung der  Klassen-template der glow::Uniform<unsigned int>::~Uniform(void)-Memberfunktion
                 C:\Libraries\glow\install\include\glow/Uniform.hpp(63): Siehe Verweis auf die Instanziierung der gerade kompilierten Klassen-template "glow::Uniform<unsigned int>".
     1>C:\Libraries\glow\install\include\glow/Uniform.hpp(44): warning C4273: 'glow::Uniform<unsigned int>::setLocation': Inkonsistente DLL-Bindung. (..\source\Application.cpp)
                 C:\Libraries\glow\install\include\glow/Uniform.h(43): Siehe vorherige Definition von 'setLocation'
                 C:\Libraries\glow\install\include\glow/Uniform.hpp(44): Bei der Kompilierung der  Klassen-template der void glow::Uniform<unsigned int>::setLocation(const GLint)-Memberfunktion
     1>C:\Libraries\glow\install\include\glow/Uniform.hpp(33): warning C4273: 'glow::Uniform<bool>::~Uniform': Inkonsistente DLL-Bindung. (..\source\Application.cpp)
                 C:\Libraries\glow\install\include\glow/Uniform.h(36): Siehe vorherige Definition von '{dtor}'
                 C:\Libraries\glow\install\include\glow/Uniform.hpp(33): Bei der Kompilierung der  Klassen-template der glow::Uniform<bool>::~Uniform(void)-Memberfunktion
                 C:\Libraries\glow\install\include\glow/Uniform.hpp(64): Siehe Verweis auf die Instanziierung der gerade kompilierten Klassen-template "glow::Uniform<bool>".
     1>C:\Libraries\glow\install\include\glow/Uniform.hpp(44): warning C4273: 'glow::Uniform<bool>::setLocation': Inkonsistente DLL-Bindung. (..\source\Application.cpp)
                 C:\Libraries\glow\install\include\glow/Uniform.h(43): Siehe vorherige Definition von 'setLocation'
                 C:\Libraries\glow\install\include\glow/Uniform.hpp(44): Bei der Kompilierung der  Klassen-template der void glow::Uniform<bool>::setLocation(const GLint)-Memberfunktion
     1>C:\Libraries\glow\install\include\glow/Uniform.hpp(33): warning C4273: 'glow::Uniform<glm::vec2>::~Uniform': Inkonsistente DLL-Bindung. (..\source\Application.cpp)
                 C:\Libraries\glow\install\include\glow/Uniform.h(36): Siehe vorherige Definition von '{dtor}'
                 C:\Libraries\glow\install\include\glow/Uniform.hpp(33): Bei der Kompilierung der  Klassen-template der glow::Uniform<glm::vec2>::~Uniform(void)-Memberfunktion
                 C:\Libraries\glow\install\include\glow/Uniform.hpp(66): Siehe Verweis auf die Instanziierung der gerade kompilierten Klassen-template "glow::Uniform<glm::vec2>".
     1>C:\Libraries\glow\install\include\glow/Uniform.hpp(44): warning C4273: 'glow::Uniform<glm::vec2>::setLocation': Inkonsistente DLL-Bindung. (..\source\Application.cpp)
                 C:\Libraries\glow\install\include\glow/Uniform.h(43): Siehe vorherige Definition von 'setLocation'
                 C:\Libraries\glow\install\include\glow/Uniform.hpp(44): Bei der Kompilierung der  Klassen-template der void glow::Uniform<glm::vec2>::setLocation(const GLint)-Memberfunktion
     1>C:\Libraries\glow\install\include\glow/Uniform.hpp(33): warning C4273: 'glow::Uniform<glm::vec3>::~Uniform': Inkonsistente DLL-Bindung. (..\source\Application.cpp)
                 C:\Libraries\glow\install\include\glow/Uniform.h(36): Siehe vorherige Definition von '{dtor}'
                 C:\Libraries\glow\install\include\glow/Uniform.hpp(33): Bei der Kompilierung der  Klassen-template der glow::Uniform<glm::vec3>::~Uniform(void)-Memberfunktion
                 C:\Libraries\glow\install\include\glow/Uniform.hpp(67): Siehe Verweis auf die Instanziierung der gerade kompilierten Klassen-template "glow::Uniform<glm::vec3>".
     1>C:\Libraries\glow\install\include\glow/Uniform.hpp(44): warning C4273: 'glow::Uniform<glm::vec3>::setLocation': Inkonsistente DLL-Bindung. (..\source\Application.cpp)
                 C:\Libraries\glow\install\include\glow/Uniform.h(43): Siehe vorherige Definition von 'setLocation'
                 C:\Libraries\glow\install\include\glow/Uniform.hpp(44): Bei der Kompilierung der  Klassen-template der void glow::Uniform<glm::vec3>::setLocation(const GLint)-Memberfunktion
     1>C:\Libraries\glow\install\include\glow/Uniform.hpp(33): warning C4273: 'glow::Uniform<glm::vec4>::~Uniform': Inkonsistente DLL-Bindung. (..\source\Application.cpp)
                 C:\Libraries\glow\install\include\glow/Uniform.h(36): Siehe vorherige Definition von '{dtor}'
                 C:\Libraries\glow\install\include\glow/Uniform.hpp(33): Bei der Kompilierung der  Klassen-template der glow::Uniform<glm::vec4>::~Uniform(void)-Memberfunktion
                 C:\Libraries\glow\install\include\glow/Uniform.hpp(68): Siehe Verweis auf die Instanziierung der gerade kompilierten Klassen-template "glow::Uniform<glm::vec4>".
     1>C:\Libraries\glow\install\include\glow/Uniform.hpp(44): warning C4273: 'glow::Uniform<glm::vec4>::setLocation': Inkonsistente DLL-Bindung. (..\source\Application.cpp)
                 C:\Libraries\glow\install\include\glow/Uniform.h(43): Siehe vorherige Definition von 'setLocation'
                 C:\Libraries\glow\install\include\glow/Uniform.hpp(44): Bei der Kompilierung der  Klassen-template der void glow::Uniform<glm::vec4>::setLocation(const GLint)-Memberfunktion
     1>C:\Libraries\glow\install\include\glow/Uniform.hpp(33): warning C4273: 'glow::Uniform<glm::ivec2>::~Uniform': Inkonsistente DLL-Bindung. (..\source\Application.cpp)
                 C:\Libraries\glow\install\include\glow/Uniform.h(36): Siehe vorherige Definition von '{dtor}'
                 C:\Libraries\glow\install\include\glow/Uniform.hpp(33): Bei der Kompilierung der  Klassen-template der glow::Uniform<glm::ivec2>::~Uniform(void)-Memberfunktion
                 C:\Libraries\glow\install\include\glow/Uniform.hpp(70): Siehe Verweis auf die Instanziierung der gerade kompilierten Klassen-template "glow::Uniform<glm::ivec2>".
     1>C:\Libraries\glow\install\include\glow/Uniform.hpp(44): warning C4273: 'glow::Uniform<glm::ivec2>::setLocation': Inkonsistente DLL-Bindung. (..\source\Application.cpp)
                 C:\Libraries\glow\install\include\glow/Uniform.h(43): Siehe vorherige Definition von 'setLocation'
                 C:\Libraries\glow\install\include\glow/Uniform.hpp(44): Bei der Kompilierung der  Klassen-template der void glow::Uniform<glm::ivec2>::setLocation(const GLint)-Memberfunktion
     1>C:\Libraries\glow\install\include\glow/Uniform.hpp(33): warning C4273: 'glow::Uniform<glm::ivec3>::~Uniform': Inkonsistente DLL-Bindung. (..\source\Application.cpp)
                 C:\Libraries\glow\install\include\glow/Uniform.h(36): Siehe vorherige Definition von '{dtor}'
                 C:\Libraries\glow\install\include\glow/Uniform.hpp(33): Bei der Kompilierung der  Klassen-template der glow::Uniform<glm::ivec3>::~Uniform(void)-Memberfunktion
                 C:\Libraries\glow\install\include\glow/Uniform.hpp(71): Siehe Verweis auf die Instanziierung der gerade kompilierten Klassen-template "glow::Uniform<glm::ivec3>".
     1>C:\Libraries\glow\install\include\glow/Uniform.hpp(44): warning C4273: 'glow::Uniform<glm::ivec3>::setLocation': Inkonsistente DLL-Bindung. (..\source\Application.cpp)
                 C:\Libraries\glow\install\include\glow/Uniform.h(43): Siehe vorherige Definition von 'setLocation'
                 C:\Libraries\glow\install\include\glow/Uniform.hpp(44): Bei der Kompilierung der  Klassen-template der void glow::Uniform<glm::ivec3>::setLocation(const GLint)-Memberfunktion
     1>C:\Libraries\glow\install\include\glow/Uniform.hpp(33): warning C4273: 'glow::Uniform<glm::ivec4>::~Uniform': Inkonsistente DLL-Bindung. (..\source\Application.cpp)
                 C:\Libraries\glow\install\include\glow/Uniform.h(36): Siehe vorherige Definition von '{dtor}'
                 C:\Libraries\glow\install\include\glow/Uniform.hpp(33): Bei der Kompilierung der  Klassen-template der glow::Uniform<glm::ivec4>::~Uniform(void)-Memberfunktion
                 C:\Libraries\glow\install\include\glow/Uniform.hpp(72): Siehe Verweis auf die Instanziierung der gerade kompilierten Klassen-template "glow::Uniform<glm::ivec4>".
     1>C:\Libraries\glow\install\include\glow/Uniform.hpp(44): warning C4273: 'glow::Uniform<glm::ivec4>::setLocation': Inkonsistente DLL-Bindung. (..\source\Application.cpp)
                 C:\Libraries\glow\install\include\glow/Uniform.h(43): Siehe vorherige Definition von 'setLocation'
                 C:\Libraries\glow\install\include\glow/Uniform.hpp(44): Bei der Kompilierung der  Klassen-template der void glow::Uniform<glm::ivec4>::setLocation(const GLint)-Memberfunktion
     1>C:\Libraries\glow\install\include\glow/Uniform.hpp(33): warning C4273: 'glow::Uniform<glm::uvec2>::~Uniform': Inkonsistente DLL-Bindung. (..\source\Application.cpp)
                 C:\Libraries\glow\install\include\glow/Uniform.h(36): Siehe vorherige Definition von '{dtor}'
                 C:\Libraries\glow\install\include\glow/Uniform.hpp(33): Bei der Kompilierung der  Klassen-template der glow::Uniform<glm::uvec2>::~Uniform(void)-Memberfunktion
                 C:\Libraries\glow\install\include\glow/Uniform.hpp(74): Siehe Verweis auf die Instanziierung der gerade kompilierten Klassen-template "glow::Uniform<glm::uvec2>".
     1>C:\Libraries\glow\install\include\glow/Uniform.hpp(44): warning C4273: 'glow::Uniform<glm::uvec2>::setLocation': Inkonsistente DLL-Bindung. (..\source\Application.cpp)
                 C:\Libraries\glow\install\include\glow/Uniform.h(43): Siehe vorherige Definition von 'setLocation'
                 C:\Libraries\glow\install\include\glow/Uniform.hpp(44): Bei der Kompilierung der  Klassen-template der void glow::Uniform<glm::uvec2>::setLocation(const GLint)-Memberfunktion
     1>C:\Libraries\glow\install\include\glow/Uniform.hpp(33): warning C4273: 'glow::Uniform<glm::uvec3>::~Uniform': Inkonsistente DLL-Bindung. (..\source\Application.cpp)
                 C:\Libraries\glow\install\include\glow/Uniform.h(36): Siehe vorherige Definition von '{dtor}'
                 C:\Libraries\glow\install\include\glow/Uniform.hpp(33): Bei der Kompilierung der  Klassen-template der glow::Uniform<glm::uvec3>::~Uniform(void)-Memberfunktion
                 C:\Libraries\glow\install\include\glow/Uniform.hpp(75): Siehe Verweis auf die Instanziierung der gerade kompilierten Klassen-template "glow::Uniform<glm::uvec3>".
     1>C:\Libraries\glow\install\include\glow/Uniform.hpp(44): warning C4273: 'glow::Uniform<glm::uvec3>::setLocation': Inkonsistente DLL-Bindung. (..\source\Application.cpp)
                 C:\Libraries\glow\install\include\glow/Uniform.h(43): Siehe vorherige Definition von 'setLocation'
                 C:\Libraries\glow\install\include\glow/Uniform.hpp(44): Bei der Kompilierung der  Klassen-template der void glow::Uniform<glm::uvec3>::setLocation(const GLint)-Memberfunktion
     1>C:\Libraries\glow\install\include\glow/Uniform.hpp(33): warning C4273: 'glow::Uniform<glm::uvec4>::~Uniform': Inkonsistente DLL-Bindung. (..\source\Application.cpp)
                 C:\Libraries\glow\install\include\glow/Uniform.h(36): Siehe vorherige Definition von '{dtor}'
                 C:\Libraries\glow\install\include\glow/Uniform.hpp(33): Bei der Kompilierung der  Klassen-template der glow::Uniform<glm::uvec4>::~Uniform(void)-Memberfunktion
                 C:\Libraries\glow\install\include\glow/Uniform.hpp(76): Siehe Verweis auf die Instanziierung der gerade kompilierten Klassen-template "glow::Uniform<glm::uvec4>".
     1>C:\Libraries\glow\install\include\glow/Uniform.hpp(44): warning C4273: 'glow::Uniform<glm::uvec4>::setLocation': Inkonsistente DLL-Bindung. (..\source\Application.cpp)
                 C:\Libraries\glow\install\include\glow/Uniform.h(43): Siehe vorherige Definition von 'setLocation'
                 C:\Libraries\glow\install\include\glow/Uniform.hpp(44): Bei der Kompilierung der  Klassen-template der void glow::Uniform<glm::uvec4>::setLocation(const GLint)-Memberfunktion
     1>C:\Libraries\glow\install\include\glow/Uniform.hpp(33): warning C4273: 'glow::Uniform<glm::mat2>::~Uniform': Inkonsistente DLL-Bindung. (..\source\Application.cpp)
                 C:\Libraries\glow\install\include\glow/Uniform.h(36): Siehe vorherige Definition von '{dtor}'
                 C:\Libraries\glow\install\include\glow/Uniform.hpp(33): Bei der Kompilierung der  Klassen-template der glow::Uniform<glm::mat2>::~Uniform(void)-Memberfunktion
                 C:\Libraries\glow\install\include\glow/Uniform.hpp(78): Siehe Verweis auf die Instanziierung der gerade kompilierten Klassen-template "glow::Uniform<glm::mat2>".
     1>C:\Libraries\glow\install\include\glow/Uniform.hpp(44): warning C4273: 'glow::Uniform<glm::mat2>::setLocation': Inkonsistente DLL-Bindung. (..\source\Application.cpp)
                 C:\Libraries\glow\install\include\glow/Uniform.h(43): Siehe vorherige Definition von 'setLocation'
                 C:\Libraries\glow\install\include\glow/Uniform.hpp(44): Bei der Kompilierung der  Klassen-template der void glow::Uniform<glm::mat2>::setLocation(const GLint)-Memberfunktion
     1>C:\Libraries\glow\install\include\glow/Uniform.hpp(33): warning C4273: 'glow::Uniform<glm::mat3>::~Uniform': Inkonsistente DLL-Bindung. (..\source\Application.cpp)
                 C:\Libraries\glow\install\include\glow/Uniform.h(36): Siehe vorherige Definition von '{dtor}'
                 C:\Libraries\glow\install\include\glow/Uniform.hpp(33): Bei der Kompilierung der  Klassen-template der glow::Uniform<glm::mat3>::~Uniform(void)-Memberfunktion
                 C:\Libraries\glow\install\include\glow/Uniform.hpp(79): Siehe Verweis auf die Instanziierung der gerade kompilierten Klassen-template "glow::Uniform<glm::mat3>".
     1>C:\Libraries\glow\install\include\glow/Uniform.hpp(44): warning C4273: 'glow::Uniform<glm::mat3>::setLocation': Inkonsistente DLL-Bindung. (..\source\Application.cpp)
                 C:\Libraries\glow\install\include\glow/Uniform.h(43): Siehe vorherige Definition von 'setLocation'
                 C:\Libraries\glow\install\include\glow/Uniform.hpp(44): Bei der Kompilierung der  Klassen-template der void glow::Uniform<glm::mat3>::setLocation(const GLint)-Memberfunktion
     1>C:\Libraries\glow\install\include\glow/Uniform.hpp(33): warning C4273: 'glow::Uniform<glm::mat4>::~Uniform': Inkonsistente DLL-Bindung. (..\source\Application.cpp)
                 C:\Libraries\glow\install\include\glow/Uniform.h(36): Siehe vorherige Definition von '{dtor}'
                 C:\Libraries\glow\install\include\glow/Uniform.hpp(33): Bei der Kompilierung der  Klassen-template der glow::Uniform<glm::mat4>::~Uniform(void)-Memberfunktion
                 C:\Libraries\glow\install\include\glow/Uniform.hpp(80): Siehe Verweis auf die Instanziierung der gerade kompilierten Klassen-template "glow::Uniform<glm::mat4>".
     1>C:\Libraries\glow\install\include\glow/Uniform.hpp(44): warning C4273: 'glow::Uniform<glm::mat4>::setLocation': Inkonsistente DLL-Bindung. (..\source\Application.cpp)
                 C:\Libraries\glow\install\include\glow/Uniform.h(43): Siehe vorherige Definition von 'setLocation'
                 C:\Libraries\glow\install\include\glow/Uniform.hpp(44): Bei der Kompilierung der  Klassen-template der void glow::Uniform<glm::mat4>::setLocation(const GLint)-Memberfunktion
     1>C:\Libraries\glow\install\include\glow/Uniform.hpp(33): warning C4273: 'glow::Uniform<glm::mat2x3>::~Uniform': Inkonsistente DLL-Bindung. (..\source\Application.cpp)
                 C:\Libraries\glow\install\include\glow/Uniform.h(36): Siehe vorherige Definition von '{dtor}'
                 C:\Libraries\glow\install\include\glow/Uniform.hpp(33): Bei der Kompilierung der  Klassen-template der glow::Uniform<glm::mat2x3>::~Uniform(void)-Memberfunktion
                 C:\Libraries\glow\install\include\glow/Uniform.hpp(82): Siehe Verweis auf die Instanziierung der gerade kompilierten Klassen-template "glow::Uniform<glm::mat2x3>".
     1>C:\Libraries\glow\install\include\glow/Uniform.hpp(44): warning C4273: 'glow::Uniform<glm::mat2x3>::setLocation': Inkonsistente DLL-Bindung. (..\source\Application.cpp)
                 C:\Libraries\glow\install\include\glow/Uniform.h(43): Siehe vorherige Definition von 'setLocation'
                 C:\Libraries\glow\install\include\glow/Uniform.hpp(44): Bei der Kompilierung der  Klassen-template der void glow::Uniform<glm::mat2x3>::setLocation(const GLint)-Memberfunktion
     1>C:\Libraries\glow\install\include\glow/Uniform.hpp(33): warning C4273: 'glow::Uniform<glm::mat3x2>::~Uniform': Inkonsistente DLL-Bindung. (..\source\Application.cpp)
                 C:\Libraries\glow\install\include\glow/Uniform.h(36): Siehe vorherige Definition von '{dtor}'
                 C:\Libraries\glow\install\include\glow/Uniform.hpp(33): Bei der Kompilierung der  Klassen-template der glow::Uniform<glm::mat3x2>::~Uniform(void)-Memberfunktion
                 C:\Libraries\glow\install\include\glow/Uniform.hpp(83): Siehe Verweis auf die Instanziierung der gerade kompilierten Klassen-template "glow::Uniform<glm::mat3x2>".
     1>C:\Libraries\glow\install\include\glow/Uniform.hpp(44): warning C4273: 'glow::Uniform<glm::mat3x2>::setLocation': Inkonsistente DLL-Bindung. (..\source\Application.cpp)
                 C:\Libraries\glow\install\include\glow/Uniform.h(43): Siehe vorherige Definition von 'setLocation'
                 C:\Libraries\glow\install\include\glow/Uniform.hpp(44): Bei der Kompilierung der  Klassen-template der void glow::Uniform<glm::mat3x2>::setLocation(const GLint)-Memberfunktion
     1>C:\Libraries\glow\install\include\glow/Uniform.hpp(33): warning C4273: 'glow::Uniform<glm::mat2x4>::~Uniform': Inkonsistente DLL-Bindung. (..\source\Application.cpp)
                 C:\Libraries\glow\install\include\glow/Uniform.h(36): Siehe vorherige Definition von '{dtor}'
                 C:\Libraries\glow\install\include\glow/Uniform.hpp(33): Bei der Kompilierung der  Klassen-template der glow::Uniform<glm::mat2x4>::~Uniform(void)-Memberfunktion
                 C:\Libraries\glow\install\include\glow/Uniform.hpp(84): Siehe Verweis auf die Instanziierung der gerade kompilierten Klassen-template "glow::Uniform<glm::mat2x4>".
     1>C:\Libraries\glow\install\include\glow/Uniform.hpp(44): warning C4273: 'glow::Uniform<glm::mat2x4>::setLocation': Inkonsistente DLL-Bindung. (..\source\Application.cpp)
                 C:\Libraries\glow\install\include\glow/Uniform.h(43): Siehe vorherige Definition von 'setLocation'
                 C:\Libraries\glow\install\include\glow/Uniform.hpp(44): Bei der Kompilierung der  Klassen-template der void glow::Uniform<glm::mat2x4>::setLocation(const GLint)-Memberfunktion
     1>C:\Libraries\glow\install\include\glow/Uniform.hpp(33): warning C4273: 'glow::Uniform<glm::mat4x2>::~Uniform': Inkonsistente DLL-Bindung. (..\source\Application.cpp)
                 C:\Libraries\glow\install\include\glow/Uniform.h(36): Siehe vorherige Definition von '{dtor}'
                 C:\Libraries\glow\install\include\glow/Uniform.hpp(33): Bei der Kompilierung der  Klassen-template der glow::Uniform<glm::mat4x2>::~Uniform(void)-Memberfunktion
                 C:\Libraries\glow\install\include\glow/Uniform.hpp(85): Siehe Verweis auf die Instanziierung der gerade kompilierten Klassen-template "glow::Uniform<glm::mat4x2>".
     1>C:\Libraries\glow\install\include\glow/Uniform.hpp(44): warning C4273: 'glow::Uniform<glm::mat4x2>::setLocation': Inkonsistente DLL-Bindung. (..\source\Application.cpp)
                 C:\Libraries\glow\install\include\glow/Uniform.h(43): Siehe vorherige Definition von 'setLocation'
                 C:\Libraries\glow\install\include\glow/Uniform.hpp(44): Bei der Kompilierung der  Klassen-template der void glow::Uniform<glm::mat4x2>::setLocation(const GLint)-Memberfunktion
     1>C:\Libraries\glow\install\include\glow/Uniform.hpp(33): warning C4273: 'glow::Uniform<glm::mat3x4>::~Uniform': Inkonsistente DLL-Bindung. (..\source\Application.cpp)
                 C:\Libraries\glow\install\include\glow/Uniform.h(36): Siehe vorherige Definition von '{dtor}'
                 C:\Libraries\glow\install\include\glow/Uniform.hpp(33): Bei der Kompilierung der  Klassen-template der glow::Uniform<glm::mat3x4>::~Uniform(void)-Memberfunktion
                 C:\Libraries\glow\install\include\glow/Uniform.hpp(86): Siehe Verweis auf die Instanziierung der gerade kompilierten Klassen-template "glow::Uniform<glm::mat3x4>".
     1>C:\Libraries\glow\install\include\glow/Uniform.hpp(44): warning C4273: 'glow::Uniform<glm::mat3x4>::setLocation': Inkonsistente DLL-Bindung. (..\source\Application.cpp)
                 C:\Libraries\glow\install\include\glow/Uniform.h(43): Siehe vorherige Definition von 'setLocation'
                 C:\Libraries\glow\install\include\glow/Uniform.hpp(44): Bei der Kompilierung der  Klassen-template der void glow::Uniform<glm::mat3x4>::setLocation(const GLint)-Memberfunktion
     1>C:\Libraries\glow\install\include\glow/Uniform.hpp(33): warning C4273: 'glow::Uniform<glm::mat4x3>::~Uniform': Inkonsistente DLL-Bindung. (..\source\Application.cpp)
                 C:\Libraries\glow\install\include\glow/Uniform.h(36): Siehe vorherige Definition von '{dtor}'
                 C:\Libraries\glow\install\include\glow/Uniform.hpp(33): Bei der Kompilierung der  Klassen-template der glow::Uniform<glm::mat4x3>::~Uniform(void)-Memberfunktion
                 C:\Libraries\glow\install\include\glow/Uniform.hpp(87): Siehe Verweis auf die Instanziierung der gerade kompilierten Klassen-template "glow::Uniform<glm::mat4x3>".
     1>C:\Libraries\glow\install\include\glow/Uniform.hpp(44): warning C4273: 'glow::Uniform<glm::mat4x3>::setLocation': Inkonsistente DLL-Bindung. (..\source\Application.cpp)
                 C:\Libraries\glow\install\include\glow/Uniform.h(43): Siehe vorherige Definition von 'setLocation'
                 C:\Libraries\glow\install\include\glow/Uniform.hpp(44): Bei der Kompilierung der  Klassen-template der void glow::Uniform<glm::mat4x3>::setLocation(const GLint)-Memberfunktion
     1>C:\Libraries\glow\install\include\glow/Uniform.hpp(33): warning C4273: 'glow::Uniform<glow::Array<float>>::~Uniform': Inkonsistente DLL-Bindung. (..\source\Application.cpp)
                 C:\Libraries\glow\install\include\glow/Uniform.h(36): Siehe vorherige Definition von '{dtor}'
                 C:\Libraries\glow\install\include\glow/Uniform.hpp(33): Bei der Kompilierung der  Klassen-template der glow::Uniform<glow::Array<float>>::~Uniform(void)-Memberfunktion
                 C:\Libraries\glow\install\include\glow/Uniform.hpp(89): Siehe Verweis auf die Instanziierung der gerade kompilierten Klassen-template "glow::Uniform<glow::Array<float>>".
     1>C:\Libraries\glow\install\include\glow/Uniform.hpp(44): warning C4273: 'glow::Uniform<glow::Array<float>>::setLocation': Inkonsistente DLL-Bindung. (..\source\Application.cpp)
                 C:\Libraries\glow\install\include\glow/Uniform.h(43): Siehe vorherige Definition von 'setLocation'
                 C:\Libraries\glow\install\include\glow/Uniform.hpp(44): Bei der Kompilierung der  Klassen-template der void glow::Uniform<glow::Array<float>>::setLocation(const GLint)-Memberfunktion
     1>C:\Libraries\glow\install\include\glow/Uniform.hpp(33): warning C4273: 'glow::Uniform<glow::Array<int>>::~Uniform': Inkonsistente DLL-Bindung. (..\source\Application.cpp)
                 C:\Libraries\glow\install\include\glow/Uniform.h(36): Siehe vorherige Definition von '{dtor}'
                 C:\Libraries\glow\install\include\glow/Uniform.hpp(33): Bei der Kompilierung der  Klassen-template der glow::Uniform<glow::Array<int>>::~Uniform(void)-Memberfunktion
                 C:\Libraries\glow\install\include\glow/Uniform.hpp(90): Siehe Verweis auf die Instanziierung der gerade kompilierten Klassen-template "glow::Uniform<glow::Array<int>>".
     1>C:\Libraries\glow\install\include\glow/Uniform.hpp(44): warning C4273: 'glow::Uniform<glow::Array<int>>::setLocation': Inkonsistente DLL-Bindung. (..\source\Application.cpp)
                 C:\Libraries\glow\install\include\glow/Uniform.h(43): Siehe vorherige Definition von 'setLocation'
                 C:\Libraries\glow\install\include\glow/Uniform.hpp(44): Bei der Kompilierung der  Klassen-template der void glow::Uniform<glow::Array<int>>::setLocation(const GLint)-Memberfunktion
     1>C:\Libraries\glow\install\include\glow/Uniform.hpp(33): warning C4273: 'glow::Uniform<glow::Array<unsigned int>>::~Uniform': Inkonsistente DLL-Bindung. (..\source\Application.cpp)
                 C:\Libraries\glow\install\include\glow/Uniform.h(36): Siehe vorherige Definition von '{dtor}'
                 C:\Libraries\glow\install\include\glow/Uniform.hpp(33): Bei der Kompilierung der  Klassen-template der glow::Uniform<glow::Array<unsigned int>>::~Uniform(void)-Memberfunktion
                 C:\Libraries\glow\install\include\glow/Uniform.hpp(91): Siehe Verweis auf die Instanziierung der gerade kompilierten Klassen-template "glow::Uniform<glow::Array<unsigned int>>".
     1>C:\Libraries\glow\install\include\glow/Uniform.hpp(44): warning C4273: 'glow::Uniform<glow::Array<unsigned int>>::setLocation': Inkonsistente DLL-Bindung. (..\source\Application.cpp)
                 C:\Libraries\glow\install\include\glow/Uniform.h(43): Siehe vorherige Definition von 'setLocation'
                 C:\Libraries\glow\install\include\glow/Uniform.hpp(44): Bei der Kompilierung der  Klassen-template der void glow::Uniform<glow::Array<unsigned int>>::setLocation(const GLint)-Memberfunktion
     1>C:\Libraries\glow\install\include\glow/Uniform.hpp(33): warning C4273: 'glow::Uniform<glow::Array<glm::vec2>>::~Uniform': Inkonsistente DLL-Bindung. (..\source\Application.cpp)
                 C:\Libraries\glow\install\include\glow/Uniform.h(36): Siehe vorherige Definition von '{dtor}'
                 C:\Libraries\glow\install\include\glow/Uniform.hpp(33): Bei der Kompilierung der  Klassen-template der glow::Uniform<glow::Array<glm::vec2>>::~Uniform(void)-Memberfunktion
                 C:\Libraries\glow\install\include\glow/Uniform.hpp(93): Siehe Verweis auf die Instanziierung der gerade kompilierten Klassen-template "glow::Uniform<glow::Array<glm::vec2>>".
     1>C:\Libraries\glow\install\include\glow/Uniform.hpp(44): warning C4273: 'glow::Uniform<glow::Array<glm::vec2>>::setLocation': Inkonsistente DLL-Bindung. (..\source\Application.cpp)
                 C:\Libraries\glow\install\include\glow/Uniform.h(43): Siehe vorherige Definition von 'setLocation'
                 C:\Libraries\glow\install\include\glow/Uniform.hpp(44): Bei der Kompilierung der  Klassen-template der void glow::Uniform<glow::Array<glm::vec2>>::setLocation(const GLint)-Memberfunktion
     1>C:\Libraries\glow\install\include\glow/Uniform.hpp(33): warning C4273: 'glow::Uniform<glow::Array<glm::vec3>>::~Uniform': Inkonsistente DLL-Bindung. (..\source\Application.cpp)
                 C:\Libraries\glow\install\include\glow/Uniform.h(36): Siehe vorherige Definition von '{dtor}'
                 C:\Libraries\glow\install\include\glow/Uniform.hpp(33): Bei der Kompilierung der  Klassen-template der glow::Uniform<glow::Array<glm::vec3>>::~Uniform(void)-Memberfunktion
                 C:\Libraries\glow\install\include\glow/Uniform.hpp(94): Siehe Verweis auf die Instanziierung der gerade kompilierten Klassen-template "glow::Uniform<glow::Array<glm::vec3>>".
     1>C:\Libraries\glow\install\include\glow/Uniform.hpp(44): warning C4273: 'glow::Uniform<glow::Array<glm::vec3>>::setLocation': Inkonsistente DLL-Bindung. (..\source\Application.cpp)
                 C:\Libraries\glow\install\include\glow/Uniform.h(43): Siehe vorherige Definition von 'setLocation'
                 C:\Libraries\glow\install\include\glow/Uniform.hpp(44): Bei der Kompilierung der  Klassen-template der void glow::Uniform<glow::Array<glm::vec3>>::setLocation(const GLint)-Memberfunktion
     1>C:\Libraries\glow\install\include\glow/Uniform.hpp(33): warning C4273: 'glow::Uniform<glow::Array<glm::vec4>>::~Uniform': Inkonsistente DLL-Bindung. (..\source\Application.cpp)
                 C:\Libraries\glow\install\include\glow/Uniform.h(36): Siehe vorherige Definition von '{dtor}'
                 C:\Libraries\glow\install\include\glow/Uniform.hpp(33): Bei der Kompilierung der  Klassen-template der glow::Uniform<glow::Array<glm::vec4>>::~Uniform(void)-Memberfunktion
                 C:\Libraries\glow\install\include\glow/Uniform.hpp(95): Siehe Verweis auf die Instanziierung der gerade kompilierten Klassen-template "glow::Uniform<glow::Array<glm::vec4>>".
     1>C:\Libraries\glow\install\include\glow/Uniform.hpp(44): warning C4273: 'glow::Uniform<glow::Array<glm::vec4>>::setLocation': Inkonsistente DLL-Bindung. (..\source\Application.cpp)
                 C:\Libraries\glow\install\include\glow/Uniform.h(43): Siehe vorherige Definition von 'setLocation'
                 C:\Libraries\glow\install\include\glow/Uniform.hpp(44): Bei der Kompilierung der  Klassen-template der void glow::Uniform<glow::Array<glm::vec4>>::setLocation(const GLint)-Memberfunktion
     1>C:\Libraries\glow\install\include\glow/Uniform.hpp(33): warning C4273: 'glow::Uniform<glow::Array<glm::ivec2>>::~Uniform': Inkonsistente DLL-Bindung. (..\source\Application.cpp)
                 C:\Libraries\glow\install\include\glow/Uniform.h(36): Siehe vorherige Definition von '{dtor}'
                 C:\Libraries\glow\install\include\glow/Uniform.hpp(33): Bei der Kompilierung der  Klassen-template der glow::Uniform<glow::Array<glm::ivec2>>::~Uniform(void)-Memberfunktion
                 C:\Libraries\glow\install\include\glow/Uniform.hpp(97): Siehe Verweis auf die Instanziierung der gerade kompilierten Klassen-template "glow::Uniform<glow::Array<glm::ivec2>>".
     1>C:\Libraries\glow\install\include\glow/Uniform.hpp(44): warning C4273: 'glow::Uniform<glow::Array<glm::ivec2>>::setLocation': Inkonsistente DLL-Bindung. (..\source\Application.cpp)
                 C:\Libraries\glow\install\include\glow/Uniform.h(43): Siehe vorherige Definition von 'setLocation'
                 C:\Libraries\glow\install\include\glow/Uniform.hpp(44): Bei der Kompilierung der  Klassen-template der void glow::Uniform<glow::Array<glm::ivec2>>::setLocation(const GLint)-Memberfunktion
     1>C:\Libraries\glow\install\include\glow/Uniform.hpp(33): warning C4273: 'glow::Uniform<glow::Array<glm::ivec3>>::~Uniform': Inkonsistente DLL-Bindung. (..\source\Application.cpp)
                 C:\Libraries\glow\install\include\glow/Uniform.h(36): Siehe vorherige Definition von '{dtor}'
                 C:\Libraries\glow\install\include\glow/Uniform.hpp(33): Bei der Kompilierung der  Klassen-template der glow::Uniform<glow::Array<glm::ivec3>>::~Uniform(void)-Memberfunktion
                 C:\Libraries\glow\install\include\glow/Uniform.hpp(98): Siehe Verweis auf die Instanziierung der gerade kompilierten Klassen-template "glow::Uniform<glow::Array<glm::ivec3>>".
     1>C:\Libraries\glow\install\include\glow/Uniform.hpp(44): warning C4273: 'glow::Uniform<glow::Array<glm::ivec3>>::setLocation': Inkonsistente DLL-Bindung. (..\source\Application.cpp)
                 C:\Libraries\glow\install\include\glow/Uniform.h(43): Siehe vorherige Definition von 'setLocation'
                 C:\Libraries\glow\install\include\glow/Uniform.hpp(44): Bei der Kompilierung der  Klassen-template der void glow::Uniform<glow::Array<glm::ivec3>>::setLocation(const GLint)-Memberfunktion
     1>C:\Libraries\glow\install\include\glow/Uniform.hpp(33): warning C4273: 'glow::Uniform<glow::Array<glm::ivec4>>::~Uniform': Inkonsistente DLL-Bindung. (..\source\Application.cpp)
                 C:\Libraries\glow\install\include\glow/Uniform.h(36): Siehe vorherige Definition von '{dtor}'
                 C:\Libraries\glow\install\include\glow/Uniform.hpp(33): Bei der Kompilierung der  Klassen-template der glow::Uniform<glow::Array<glm::ivec4>>::~Uniform(void)-Memberfunktion
                 C:\Libraries\glow\install\include\glow/Uniform.hpp(99): Siehe Verweis auf die Instanziierung der gerade kompilierten Klassen-template "glow::Uniform<glow::Array<glm::ivec4>>".
     1>C:\Libraries\glow\install\include\glow/Uniform.hpp(44): warning C4273: 'glow::Uniform<glow::Array<glm::ivec4>>::setLocation': Inkonsistente DLL-Bindung. (..\source\Application.cpp)
                 C:\Libraries\glow\install\include\glow/Uniform.h(43): Siehe vorherige Definition von 'setLocation'
                 C:\Libraries\glow\install\include\glow/Uniform.hpp(44): Bei der Kompilierung der  Klassen-template der void glow::Uniform<glow::Array<glm::ivec4>>::setLocation(const GLint)-Memberfunktion
     1>C:\Libraries\glow\install\include\glow/Uniform.hpp(33): warning C4273: 'glow::Uniform<glow::Array<glm::uvec2>>::~Uniform': Inkonsistente DLL-Bindung. (..\source\Application.cpp)
                 C:\Libraries\glow\install\include\glow/Uniform.h(36): Siehe vorherige Definition von '{dtor}'
                 C:\Libraries\glow\install\include\glow/Uniform.hpp(33): Bei der Kompilierung der  Klassen-template der glow::Uniform<glow::Array<glm::uvec2>>::~Uniform(void)-Memberfunktion
                 C:\Libraries\glow\install\include\glow/Uniform.hpp(101): Siehe Verweis auf die Instanziierung der gerade kompilierten Klassen-template "glow::Uniform<glow::Array<glm::uvec2>>".
     1>C:\Libraries\glow\install\include\glow/Uniform.hpp(44): warning C4273: 'glow::Uniform<glow::Array<glm::uvec2>>::setLocation': Inkonsistente DLL-Bindung. (..\source\Application.cpp)
                 C:\Libraries\glow\install\include\glow/Uniform.h(43): Siehe vorherige Definition von 'setLocation'
                 C:\Libraries\glow\install\include\glow/Uniform.hpp(44): Bei der Kompilierung der  Klassen-template der void glow::Uniform<glow::Array<glm::uvec2>>::setLocation(const GLint)-Memberfunktion
     1>C:\Libraries\glow\install\include\glow/Uniform.hpp(33): warning C4273: 'glow::Uniform<glow::Array<glm::uvec3>>::~Uniform': Inkonsistente DLL-Bindung. (..\source\Application.cpp)
                 C:\Libraries\glow\install\include\glow/Uniform.h(36): Siehe vorherige Definition von '{dtor}'
                 C:\Libraries\glow\install\include\glow/Uniform.hpp(33): Bei der Kompilierung der  Klassen-template der glow::Uniform<glow::Array<glm::uvec3>>::~Uniform(void)-Memberfunktion
                 C:\Libraries\glow\install\include\glow/Uniform.hpp(102): Siehe Verweis auf die Instanziierung der gerade kompilierten Klassen-template "glow::Uniform<glow::Array<glm::uvec3>>".
     1>C:\Libraries\glow\install\include\glow/Uniform.hpp(44): warning C4273: 'glow::Uniform<glow::Array<glm::uvec3>>::setLocation': Inkonsistente DLL-Bindung. (..\source\Application.cpp)
                 C:\Libraries\glow\install\include\glow/Uniform.h(43): Siehe vorherige Definition von 'setLocation'
                 C:\Libraries\glow\install\include\glow/Uniform.hpp(44): Bei der Kompilierung der  Klassen-template der void glow::Uniform<glow::Array<glm::uvec3>>::setLocation(const GLint)-Memberfunktion
     1>C:\Libraries\glow\install\include\glow/Uniform.hpp(33): warning C4273: 'glow::Uniform<glow::Array<glm::uvec4>>::~Uniform': Inkonsistente DLL-Bindung. (..\source\Application.cpp)
                 C:\Libraries\glow\install\include\glow/Uniform.h(36): Siehe vorherige Definition von '{dtor}'
                 C:\Libraries\glow\install\include\glow/Uniform.hpp(33): Bei der Kompilierung der  Klassen-template der glow::Uniform<glow::Array<glm::uvec4>>::~Uniform(void)-Memberfunktion
                 C:\Libraries\glow\install\include\glow/Uniform.hpp(103): Siehe Verweis auf die Instanziierung der gerade kompilierten Klassen-template "glow::Uniform<glow::Array<glm::uvec4>>".
     1>C:\Libraries\glow\install\include\glow/Uniform.hpp(44): warning C4273: 'glow::Uniform<glow::Array<glm::uvec4>>::setLocation': Inkonsistente DLL-Bindung. (..\source\Application.cpp)
                 C:\Libraries\glow\install\include\glow/Uniform.h(43): Siehe vorherige Definition von 'setLocation'
                 C:\Libraries\glow\install\include\glow/Uniform.hpp(44): Bei der Kompilierung der  Klassen-template der void glow::Uniform<glow::Array<glm::uvec4>>::setLocation(const GLint)-Memberfunktion
     1>C:\Libraries\glow\install\include\glow/Uniform.hpp(33): warning C4273: 'glow::Uniform<glow::Array<glm::mat2>>::~Uniform': Inkonsistente DLL-Bindung. (..\source\Application.cpp)
                 C:\Libraries\glow\install\include\glow/Uniform.h(36): Siehe vorherige Definition von '{dtor}'
                 C:\Libraries\glow\install\include\glow/Uniform.hpp(33): Bei der Kompilierung der  Klassen-template der glow::Uniform<glow::Array<glm::mat2>>::~Uniform(void)-Memberfunktion
                 C:\Libraries\glow\install\include\glow/Uniform.hpp(105): Siehe Verweis auf die Instanziierung der gerade kompilierten Klassen-template "glow::Uniform<glow::Array<glm::mat2>>".
     1>C:\Libraries\glow\install\include\glow/Uniform.hpp(44): warning C4273: 'glow::Uniform<glow::Array<glm::mat2>>::setLocation': Inkonsistente DLL-Bindung. (..\source\Application.cpp)
                 C:\Libraries\glow\install\include\glow/Uniform.h(43): Siehe vorherige Definition von 'setLocation'
                 C:\Libraries\glow\install\include\glow/Uniform.hpp(44): Bei der Kompilierung der  Klassen-template der void glow::Uniform<glow::Array<glm::mat2>>::setLocation(const GLint)-Memberfunktion
     1>C:\Libraries\glow\install\include\glow/Uniform.hpp(33): warning C4273: 'glow::Uniform<glow::Array<glm::mat3>>::~Uniform': Inkonsistente DLL-Bindung. (..\source\Application.cpp)
                 C:\Libraries\glow\install\include\glow/Uniform.h(36): Siehe vorherige Definition von '{dtor}'
                 C:\Libraries\glow\install\include\glow/Uniform.hpp(33): Bei der Kompilierung der  Klassen-template der glow::Uniform<glow::Array<glm::mat3>>::~Uniform(void)-Memberfunktion
                 C:\Libraries\glow\install\include\glow/Uniform.hpp(106): Siehe Verweis auf die Instanziierung der gerade kompilierten Klassen-template "glow::Uniform<glow::Array<glm::mat3>>".
     1>C:\Libraries\glow\install\include\glow/Uniform.hpp(44): warning C4273: 'glow::Uniform<glow::Array<glm::mat3>>::setLocation': Inkonsistente DLL-Bindung. (..\source\Application.cpp)
                 C:\Libraries\glow\install\include\glow/Uniform.h(43): Siehe vorherige Definition von 'setLocation'
                 C:\Libraries\glow\install\include\glow/Uniform.hpp(44): Bei der Kompilierung der  Klassen-template der void glow::Uniform<glow::Array<glm::mat3>>::setLocation(const GLint)-Memberfunktion
     1>C:\Libraries\glow\install\include\glow/Uniform.hpp(33): warning C4273: 'glow::Uniform<glow::Array<glm::mat4>>::~Uniform': Inkonsistente DLL-Bindung. (..\source\Application.cpp)
                 C:\Libraries\glow\install\include\glow/Uniform.h(36): Siehe vorherige Definition von '{dtor}'
                 C:\Libraries\glow\install\include\glow/Uniform.hpp(33): Bei der Kompilierung der  Klassen-template der glow::Uniform<glow::Array<glm::mat4>>::~Uniform(void)-Memberfunktion
                 C:\Libraries\glow\install\include\glow/Uniform.hpp(107): Siehe Verweis auf die Instanziierung der gerade kompilierten Klassen-template "glow::Uniform<glow::Array<glm::mat4>>".
     1>C:\Libraries\glow\install\include\glow/Uniform.hpp(44): warning C4273: 'glow::Uniform<glow::Array<glm::mat4>>::setLocation': Inkonsistente DLL-Bindung. (..\source\Application.cpp)
                 C:\Libraries\glow\install\include\glow/Uniform.h(43): Siehe vorherige Definition von 'setLocation'
                 C:\Libraries\glow\install\include\glow/Uniform.hpp(44): Bei der Kompilierung der  Klassen-template der void glow::Uniform<glow::Array<glm::mat4>>::setLocation(const GLint)-Memberfunktion
     1>C:\Libraries\glow\install\include\glow/Uniform.hpp(33): warning C4273: 'glow::Uniform<glow::Array<glm::mat2x3>>::~Uniform': Inkonsistente DLL-Bindung. (..\source\Application.cpp)
                 C:\Libraries\glow\install\include\glow/Uniform.h(36): Siehe vorherige Definition von '{dtor}'
                 C:\Libraries\glow\install\include\glow/Uniform.hpp(33): Bei der Kompilierung der  Klassen-template der glow::Uniform<glow::Array<glm::mat2x3>>::~Uniform(void)-Memberfunktion
                 C:\Libraries\glow\install\include\glow/Uniform.hpp(109): Siehe Verweis auf die Instanziierung der gerade kompilierten Klassen-template "glow::Uniform<glow::Array<glm::mat2x3>>".
     1>C:\Libraries\glow\install\include\glow/Uniform.hpp(44): warning C4273: 'glow::Uniform<glow::Array<glm::mat2x3>>::setLocation': Inkonsistente DLL-Bindung. (..\source\Application.cpp)
                 C:\Libraries\glow\install\include\glow/Uniform.h(43): Siehe vorherige Definition von 'setLocation'
                 C:\Libraries\glow\install\include\glow/Uniform.hpp(44): Bei der Kompilierung der  Klassen-template der void glow::Uniform<glow::Array<glm::mat2x3>>::setLocation(const GLint)-Memberfunktion
     1>C:\Libraries\glow\install\include\glow/Uniform.hpp(33): warning C4273: 'glow::Uniform<glow::Array<glm::mat3x2>>::~Uniform': Inkonsistente DLL-Bindung. (..\source\Application.cpp)
                 C:\Libraries\glow\install\include\glow/Uniform.h(36): Siehe vorherige Definition von '{dtor}'
                 C:\Libraries\glow\install\include\glow/Uniform.hpp(33): Bei der Kompilierung der  Klassen-template der glow::Uniform<glow::Array<glm::mat3x2>>::~Uniform(void)-Memberfunktion
                 C:\Libraries\glow\install\include\glow/Uniform.hpp(110): Siehe Verweis auf die Instanziierung der gerade kompilierten Klassen-template "glow::Uniform<glow::Array<glm::mat3x2>>".
     1>C:\Libraries\glow\install\include\glow/Uniform.hpp(44): warning C4273: 'glow::Uniform<glow::Array<glm::mat3x2>>::setLocation': Inkonsistente DLL-Bindung. (..\source\Application.cpp)
                 C:\Libraries\glow\install\include\glow/Uniform.h(43): Siehe vorherige Definition von 'setLocation'
                 C:\Libraries\glow\install\include\glow/Uniform.hpp(44): Bei der Kompilierung der  Klassen-template der void glow::Uniform<glow::Array<glm::mat3x2>>::setLocation(const GLint)-Memberfunktion
     1>C:\Libraries\glow\install\include\glow/Uniform.hpp(33): warning C4273: 'glow::Uniform<glow::Array<glm::mat2x4>>::~Uniform': Inkonsistente DLL-Bindung. (..\source\Application.cpp)
                 C:\Libraries\glow\install\include\glow/Uniform.h(36): Siehe vorherige Definition von '{dtor}'
                 C:\Libraries\glow\install\include\glow/Uniform.hpp(33): Bei der Kompilierung der  Klassen-template der glow::Uniform<glow::Array<glm::mat2x4>>::~Uniform(void)-Memberfunktion
                 C:\Libraries\glow\install\include\glow/Uniform.hpp(111): Siehe Verweis auf die Instanziierung der gerade kompilierten Klassen-template "glow::Uniform<glow::Array<glm::mat2x4>>".
     1>C:\Libraries\glow\install\include\glow/Uniform.hpp(44): warning C4273: 'glow::Uniform<glow::Array<glm::mat2x4>>::setLocation': Inkonsistente DLL-Bindung. (..\source\Application.cpp)
                 C:\Libraries\glow\install\include\glow/Uniform.h(43): Siehe vorherige Definition von 'setLocation'
                 C:\Libraries\glow\install\include\glow/Uniform.hpp(44): Bei der Kompilierung der  Klassen-template der void glow::Uniform<glow::Array<glm::mat2x4>>::setLocation(const GLint)-Memberfunktion
     1>C:\Libraries\glow\install\include\glow/Uniform.hpp(33): warning C4273: 'glow::Uniform<glow::Array<glm::mat4x2>>::~Uniform': Inkonsistente DLL-Bindung. (..\source\Application.cpp)
                 C:\Libraries\glow\install\include\glow/Uniform.h(36): Siehe vorherige Definition von '{dtor}'
                 C:\Libraries\glow\install\include\glow/Uniform.hpp(33): Bei der Kompilierung der  Klassen-template der glow::Uniform<glow::Array<glm::mat4x2>>::~Uniform(void)-Memberfunktion
                 C:\Libraries\glow\install\include\glow/Uniform.hpp(112): Siehe Verweis auf die Instanziierung der gerade kompilierten Klassen-template "glow::Uniform<glow::Array<glm::mat4x2>>".
     1>C:\Libraries\glow\install\include\glow/Uniform.hpp(44): warning C4273: 'glow::Uniform<glow::Array<glm::mat4x2>>::setLocation': Inkonsistente DLL-Bindung. (..\source\Application.cpp)
                 C:\Libraries\glow\install\include\glow/Uniform.h(43): Siehe vorherige Definition von 'setLocation'
                 C:\Libraries\glow\install\include\glow/Uniform.hpp(44): Bei der Kompilierung der  Klassen-template der void glow::Uniform<glow::Array<glm::mat4x2>>::setLocation(const GLint)-Memberfunktion
     1>C:\Libraries\glow\install\include\glow/Uniform.hpp(33): warning C4273: 'glow::Uniform<glow::Array<glm::mat3x4>>::~Uniform': Inkonsistente DLL-Bindung. (..\source\Application.cpp)
                 C:\Libraries\glow\install\include\glow/Uniform.h(36): Siehe vorherige Definition von '{dtor}'
                 C:\Libraries\glow\install\include\glow/Uniform.hpp(33): Bei der Kompilierung der  Klassen-template der glow::Uniform<glow::Array<glm::mat3x4>>::~Uniform(void)-Memberfunktion
                 C:\Libraries\glow\install\include\glow/Uniform.hpp(113): Siehe Verweis auf die Instanziierung der gerade kompilierten Klassen-template "glow::Uniform<glow::Array<glm::mat3x4>>".
     1>C:\Libraries\glow\install\include\glow/Uniform.hpp(44): warning C4273: 'glow::Uniform<glow::Array<glm::mat3x4>>::setLocation': Inkonsistente DLL-Bindung. (..\source\Application.cpp)
                 C:\Libraries\glow\install\include\glow/Uniform.h(43): Siehe vorherige Definition von 'setLocation'
                 C:\Libraries\glow\install\include\glow/Uniform.hpp(44): Bei der Kompilierung der  Klassen-template der void glow::Uniform<glow::Array<glm::mat3x4>>::setLocation(const GLint)-Memberfunktion
     1>C:\Libraries\glow\install\include\glow/Uniform.hpp(33): warning C4273: 'glow::Uniform<glow::Array<glm::mat4x3>>::~Uniform': Inkonsistente DLL-Bindung. (..\source\Application.cpp)
                 C:\Libraries\glow\install\include\glow/Uniform.h(36): Siehe vorherige Definition von '{dtor}'
                 C:\Libraries\glow\install\include\glow/Uniform.hpp(33): Bei der Kompilierung der  Klassen-template der glow::Uniform<glow::Array<glm::mat4x3>>::~Uniform(void)-Memberfunktion
                 C:\Libraries\glow\install\include\glow/Uniform.hpp(114): Siehe Verweis auf die Instanziierung der gerade kompilierten Klassen-template "glow::Uniform<glow::Array<glm::mat4x3>>".
     1>C:\Libraries\glow\install\include\glow/Uniform.hpp(44): warning C4273: 'glow::Uniform<glow::Array<glm::mat4x3>>::setLocation': Inkonsistente DLL-Bindung. (..\source\Application.cpp)
                 C:\Libraries\glow\install\include\glow/Uniform.h(43): Siehe vorherige Definition von 'setLocation'
                 C:\Libraries\glow\install\include\glow/Uniform.hpp(44): Bei der Kompilierung der  Klassen-template der void glow::Uniform<glow::Array<glm::mat4x3>>::setLocation(const GLint)-Memberfunktion
     1>C:\Libraries\glow\install\include\glow/Uniform.hpp(33): warning C4273: 'glow::Uniform<glow::Texture::Handle>::~Uniform': Inkonsistente DLL-Bindung. (..\source\Application.cpp)
                 C:\Libraries\glow\install\include\glow/Uniform.h(36): Siehe vorherige Definition von '{dtor}'
                 C:\Libraries\glow\install\include\glow/Uniform.hpp(33): Bei der Kompilierung der  Klassen-template der glow::Uniform<glow::Texture::Handle>::~Uniform(void)-Memberfunktion
                 C:\Libraries\glow\install\include\glow/Uniform.hpp(116): Siehe Verweis auf die Instanziierung der gerade kompilierten Klassen-template "glow::Uniform<glow::Texture::Handle>".
     1>C:\Libraries\glow\install\include\glow/Uniform.hpp(44): warning C4273: 'glow::Uniform<glow::Texture::Handle>::setLocation': Inkonsistente DLL-Bindung. (..\source\Application.cpp)
                 C:\Libraries\glow\install\include\glow/Uniform.h(43): Siehe vorherige Definition von 'setLocation'
                 C:\Libraries\glow\install\include\glow/Uniform.hpp(44): Bei der Kompilierung der  Klassen-template der void glow::Uniform<glow::Texture::Handle>::setLocation(const GLint)-Memberfunktion
     1>C:\Libraries\glow\install\include\glow/Uniform.hpp(33): warning C4273: 'glow::Uniform<glow::Array<glow::Texture::Handle>>::~Uniform': Inkonsistente DLL-Bindung. (..\source\Application.cpp)
                 C:\Libraries\glow\install\include\glow/Uniform.h(36): Siehe vorherige Definition von '{dtor}'
                 C:\Libraries\glow\install\include\glow/Uniform.hpp(33): Bei der Kompilierung der  Klassen-template der glow::Uniform<glow::Array<glow::Texture::Handle>>::~Uniform(void)-Memberfunktion
                 C:\Libraries\glow\install\include\glow/Uniform.hpp(117): Siehe Verweis auf die Instanziierung der gerade kompilierten Klassen-template "glow::Uniform<glow::Array<glow::Texture::Handle>>".
     1>C:\Libraries\glow\install\include\glow/Uniform.hpp(44): warning C4273: 'glow::Uniform<glow::Array<glow::Texture::Handle>>::setLocation': Inkonsistente DLL-Bindung. (..\source\Application.cpp)
                 C:\Libraries\glow\install\include\glow/Uniform.h(43): Siehe vorherige Definition von 'setLocation'
                 C:\Libraries\glow\install\include\glow/Uniform.hpp(44): Bei der Kompilierung der  Klassen-template der void glow::Uniform<glow::Array<glow::Texture::Handle>>::setLocation(const GLint)-Memberfunktion
     1>Die Erstellung des Projekts "C:\Projects\mammut\build\mammut.vcxproj" ist abgeschlossen, Build Ziel(e) -- FEHLER.

Fehler beim Buildvorgang.

Verstrichene Zeit 00:00:02.25
